[2024-09-07 01:27:54] [ INFO ] [CartService:46] Adding cart...
[2024-09-07 01:27:54] [ INFO ] [CartService:55] Cart could not be added. User is not a valid client.
[2024-09-07 01:33:39] [ INFO ] [CartService:46] Adding cart...
[2024-09-07 01:33:39] [ INFO ] [CartService:55] Cart could not be added. User is not a valid client.
[2024-09-07 01:33:58] [ INFO ] [CartService:46] Adding cart...
[2024-09-07 01:33:58] [ INFO ] [CartService:55] Cart could not be added. User is not a valid client.
[2024-09-07 01:39:12] [ INFO ] [CartService:46] Adding cart...
[2024-09-07 01:39:12] [ INFO ] [CartService:55] Cart could not be added. User is not a valid client.
[2024-09-07 01:50:04] [ INFO ] [CartService:46] Adding cart...
[2024-09-07 01:50:04] [ INFO ] [CartService:55] Cart could not be added. User is not a valid client.
[2024-09-07 01:52:12] [ INFO ] [CartService:46] Adding cart...
[2024-09-07 01:52:12] [ INFO ] [CartService:55] Cart could not be added. User is not a valid client.
[2024-09-07 01:52:51] [ INFO ] [CartService:46] Adding cart...
[2024-09-07 01:52:51] [ INFO ] [CartService:55] Cart could not be added. User is not a valid client.
[2024-09-07 02:02:19] [ INFO ] [CartService:46] Adding cart...
[2024-09-07 02:02:19] [ INFO ] [CartService:55] Cart could not be added. User is not a valid client.
[2024-09-07 02:02:57] [ INFO ] [CartService:46] Adding cart...
[2024-09-07 02:02:57] [ INFO ] [CartService:55] Cart could not be added. User is not a valid client.
[2024-09-07 02:05:18] [ INFO ] [CartService:46] Adding cart...
[2024-09-07 02:05:18] [ INFO ] [CartService:66] Cart successfully added.
[2024-09-07 02:05:37] [ INFO ] [CartService:72] Searching cart...
[2024-09-07 02:05:37] [ INFO ] [CartService:77] Cart found.
[2024-09-07 02:16:40] [ INFO ] [CartService:72] Searching cart...
[2024-09-07 02:16:40] [ INFO ] [CartService:77] Cart found.
[2024-09-07 02:17:18] [ INFO ] [CartService:87] Listing all carts...
[2024-09-12 22:27:21] [ INFO ] [CartService:87] Listing all carts...
[2024-09-12 22:28:26] [ INFO ] [CartService:46] Adding cart...
[2024-09-12 22:28:26] [ INFO ] [CartService:66] Cart successfully added.
[2024-09-12 22:57:44] [ INFO ] [CartService:46] Adding cart...
[2024-09-12 23:02:07] [ INFO ] [CartService:46] Adding cart...
[2024-09-12 23:02:13] [ INFO ] [CartService:46] Adding cart...
[2024-09-12 23:02:45] [ INFO ] [CartService:46] Adding cart...
[2024-09-12 23:02:51] [ INFO ] [CartService:110] Listing all carts...
[2024-09-12 23:06:45] [ INFO ] [CartService:46] Adding cart...
[2024-09-12 23:06:59] [ INFO ] [CartService:110] Listing all carts...
[2024-09-12 23:07:09] [ INFO ] [CartService:46] Adding cart...
[2024-09-13 20:53:36] [ INFO ] [CartService:110] Listing all carts...
[2024-09-13 20:54:39] [ INFO ] [CartService:46] Adding cart...
[2024-09-13 20:54:49] [ INFO ] [CartService:46] Adding cart...
[2024-09-13 21:14:53] [ INFO ] [CartService:97] Listing all carts...
[2024-09-13 21:15:54] [ INFO ] [CartService:97] Listing all carts...
[2024-09-13 21:16:37] [ INFO ] [CartService:97] Listing all carts...
[2024-09-13 21:16:40] [ INFO ] [CartService:45] Adding cart...
[2024-09-13 21:17:52] [ INFO ] [CartService:97] Listing all carts...
[2024-09-13 21:18:04] [ INFO ] [CartService:97] Listing all carts...
[2024-09-13 21:26:22] [ INFO ] [CartService:100] Listing all carts...
[2024-09-13 21:26:58] [ INFO ] [CartService:100] Listing all carts...
[2024-09-13 21:27:36] [ INFO ] [CartService:45] Adding cart...
[2024-09-13 21:28:01] [ INFO ] [CartService:45] Adding cart...
[2024-09-13 21:28:05] [ INFO ] [CartService:45] Adding cart...
[2024-09-14 02:50:43] [ INFO ] [CartService:112] Listing all carts...
[2024-09-14 02:50:48] [ INFO ] [CartService:46] Adding cart...
[2024-09-14 02:50:54] [ INFO ] [CartService:46] Adding cart...
[2024-09-14 02:51:49] [ INFO ] [CartService:159] Adding item to cart...
[2024-09-14 02:51:49] [ INFO ] [CartService:179] Item successfully added to cart.
[2024-09-14 02:52:41] [ INFO ] [CartService:46] Adding cart...
[2024-09-14 02:52:59] [ INFO ] [CartService:46] Adding cart...
[2024-09-14 02:52:59] [ INFO ] [CartService:86] Cart successfully added.
[2024-09-14 02:53:08] [ INFO ] [CartService:112] Listing all carts...
[2024-09-14 02:53:21] [ INFO ] [CartService:46] Adding cart...
[2024-09-14 02:54:09] [ INFO ] [CartService:148] Deleting cart...
[2024-09-14 02:54:09] [ INFO ] [CartService:153] Cart could not be deleted. Cart not found.
[2024-09-14 02:54:15] [ INFO ] [CartService:148] Deleting cart...
[2024-09-14 02:54:15] [ INFO ] [CartService:151] Cart successfully deleted.
[2024-09-14 02:54:19] [ INFO ] [CartService:112] Listing all carts...
[2024-09-14 02:54:24] [ INFO ] [CartService:46] Adding cart...
[2024-09-14 02:54:24] [ INFO ] [CartService:86] Cart successfully added.
[2024-09-14 02:54:26] [ INFO ] [CartService:46] Adding cart...
[2024-09-14 02:54:30] [ INFO ] [CartService:46] Adding cart...
[2024-09-14 02:55:03] [ INFO ] [CartService:46] Adding cart...
[2024-09-14 02:55:08] [ INFO ] [CartService:46] Adding cart...
[2024-09-14 02:55:08] [ INFO ] [CartService:86] Cart successfully added.
[2024-09-14 02:55:13] [ INFO ] [CartService:46] Adding cart...
[2024-09-14 02:55:13] [ INFO ] [CartService:86] Cart successfully added.
[2024-09-14 02:55:16] [ INFO ] [CartService:46] Adding cart...
[2024-09-14 02:55:16] [ INFO ] [CartService:86] Cart successfully added.
[2024-09-14 02:55:21] [ INFO ] [CartService:46] Adding cart...
[2024-09-14 02:55:27] [ INFO ] [CartService:112] Listing all carts...
[2024-09-14 02:55:49] [ INFO ] [CartService:46] Adding cart...
[2024-09-14 02:55:59] [ INFO ] [CartService:46] Adding cart...
[2024-09-14 02:55:59] [ INFO ] [CartService:86] Cart successfully added.
[2024-09-14 02:56:03] [ INFO ] [CartService:112] Listing all carts...
[2024-09-14 02:57:19] [ INFO ] [CartService:184] Removing item from cart...
[2024-09-14 02:57:36] [ INFO ] [CartService:184] Removing item from cart...
[2024-09-14 02:57:36] [ INFO ] [CartService:200] Item successfully removed from cart.
[2024-09-14 02:57:40] [ INFO ] [CartService:112] Listing all carts...
[2024-09-14 02:58:23] [ INFO ] [CartService:128] Updating cart...
[2024-09-14 02:58:23] [ INFO ] [CartService:143] Cart successfully updated.
[2024-09-14 02:58:29] [ INFO ] [CartService:112] Listing all carts...
[2024-09-14 03:33:50] [ INFO ] [CartService:112] Listing all carts...
[2024-09-14 03:33:56] [ INFO ] [CartService:159] Adding item to cart...
[2024-09-14 03:33:56] [ INFO ] [CartService:179] Item successfully added to cart.
[2024-09-14 03:33:59] [ INFO ] [CartService:159] Adding item to cart...
[2024-09-14 03:33:59] [ INFO ] [CartService:179] Item successfully added to cart.
[2024-09-14 03:34:05] [ INFO ] [CartService:159] Adding item to cart...
[2024-09-14 03:34:05] [ INFO ] [CartService:179] Item successfully added to cart.
[2024-09-14 03:39:54] [ INFO ] [CartService:120] Listing all carts...
[2024-09-14 03:40:01] [ INFO ] [CartService:192] Removing item from cart...
[2024-09-14 03:40:01] [ INFO ] [CartService:208] Item successfully removed from cart.
[2024-09-14 03:40:02] [ INFO ] [CartService:192] Removing item from cart...
[2024-09-14 03:40:02] [ INFO ] [CartService:208] Item successfully removed from cart.
[2024-09-14 03:40:04] [ INFO ] [CartService:192] Removing item from cart...
[2024-09-14 03:40:04] [ INFO ] [CartService:208] Item successfully removed from cart.
[2024-09-14 03:40:05] [ INFO ] [CartService:192] Removing item from cart...
[2024-09-14 03:40:08] [ INFO ] [CartService:120] Listing all carts...
[2024-09-14 03:40:11] [ INFO ] [CartService:167] Adding item to cart...
[2024-09-14 03:40:11] [ INFO ] [CartService:187] Item successfully added to cart.
[2024-09-14 03:42:14] [ INFO ] [CartService:167] Adding item to cart...
[2024-09-14 03:42:14] [ INFO ] [CartService:187] Item successfully added to cart.
[2024-09-14 03:42:18] [ INFO ] [CartService:167] Adding item to cart...
[2024-09-14 03:42:18] [ INFO ] [CartService:187] Item successfully added to cart.
[2024-09-14 03:42:28] [ INFO ] [CartService:167] Adding item to cart...
[2024-09-14 03:42:28] [ INFO ] [CartService:187] Item successfully added to cart.
[2024-09-14 03:48:36] [ INFO ] [CartService:192] Removing item from cart...
[2024-09-14 03:48:37] [ INFO ] [CartService:208] Item successfully removed from cart.
[2024-09-14 03:48:37] [ INFO ] [CartService:192] Removing item from cart...
[2024-09-14 03:48:37] [ INFO ] [CartService:208] Item successfully removed from cart.
[2024-09-14 03:48:38] [ INFO ] [CartService:192] Removing item from cart...
[2024-09-14 03:48:38] [ INFO ] [CartService:208] Item successfully removed from cart.
[2024-09-14 03:48:39] [ INFO ] [CartService:192] Removing item from cart...
[2024-09-14 03:48:42] [ INFO ] [CartService:120] Listing all carts...
[2024-09-14 03:48:50] [ INFO ] [CartService:192] Removing item from cart...
[2024-09-14 03:48:50] [ INFO ] [CartService:208] Item successfully removed from cart.
[2024-09-14 03:48:53] [ INFO ] [CartService:120] Listing all carts...
[2024-09-14 03:48:58] [ INFO ] [CartService:167] Adding item to cart...
[2024-09-14 03:48:58] [ INFO ] [CartService:187] Item successfully added to cart.
[2024-09-14 03:49:00] [ INFO ] [CartService:167] Adding item to cart...
[2024-09-14 03:49:00] [ INFO ] [CartService:187] Item successfully added to cart.
